<?xml version="1.0" encoding="UTF-8"?>
<coverage generated="1520635478209" clover="3.2.0">
  <project timestamp="1520635478209" name="All files">
    <metrics statements="9" coveredstatements="9" conditionals="2" coveredconditionals="2" methods="1" coveredmethods="1" elements="12" coveredelements="12" complexity="0" loc="9" ncloc="9" packages="1" files="2" classes="2">
      <file name="actions.js" path="D:\Users\Willian\Dropbox\Estudos\Udemy - React Ninja\src\redux-flow\reducers\visibility-filter\actions.js">
        <metrics statements="4" coveredstatements="4" conditionals="0" coveredconditionals="0" methods="0" coveredmethods="0"/>
        <line num="3" count="1" type="stmt"/>
        <line num="5" count="1" type="stmt"/>
        <line num="6" count="1" type="stmt"/>
        <line num="7" count="1" type="stmt"/>
      </file>
      <file name="index.js" path="D:\Users\Willian\Dropbox\Estudos\Udemy - React Ninja\src\redux-flow\reducers\visibility-filter\index.js">
        <metrics statements="5" coveredstatements="5" conditionals="2" coveredconditionals="2" methods="1" coveredmethods="1"/>
        <line num="5" count="1" type="stmt"/>
        <line num="7" count="1" type="cond" truecount="1" falsecount="0"/>
        <line num="8" count="5" type="cond" truecount="1" falsecount="0"/>
        <line num="10" count="3" type="stmt"/>
        <line num="12" count="2" type="stmt"/>
      </file>
    </metrics>
  </project>
</coverage>
