TN:
SF:D:\Users\Willian\Dropbox\Estudos\Udemy - React Ninja\src\redux-flow\reducers\create-reducer.js
FN:3,(anonymous_0)
FN:12,(anonymous_1)
FNF:2
FNH:2
FNDA:7,(anonymous_0)
FNDA:12,(anonymous_1)
DA:3,4
DA:4,7
DA:5,1
DA:8,6
DA:9,1
DA:12,5
DA:13,12
LF:7
LH:7
BRDA:4,0,0,1
BRDA:4,0,1,6
BRDA:8,1,0,1
BRDA:8,1,1,5
BRDA:12,2,0,1
BRDA:13,3,0,10
BRDA:13,3,1,2
BRF:7
BRH:7
end_of_record
TN:
SF:D:\Users\Willian\Dropbox\Estudos\Udemy - React Ninja\src\redux-flow\reducers\address\actions.js
FNF:0
FNH:0
DA:3,1
DA:4,1
LF:2
LH:2
BRF:0
BRH:0
end_of_record
TN:
SF:D:\Users\Willian\Dropbox\Estudos\Udemy - React Ninja\src\redux-flow\reducers\address\index.js
FN:17,(anonymous_0)
FN:21,(anonymous_1)
FNF:2
FNH:2
FNDA:1,(anonymous_0)
FNDA:1,(anonymous_1)
DA:6,1
DA:16,1
DA:17,1
DA:21,1
LF:4
LH:4
BRF:0
BRH:0
end_of_record
TN:
SF:D:\Users\Willian\Dropbox\Estudos\Udemy - React Ninja\src\redux-flow\reducers\todos\actions.js
FNF:0
FNH:0
DA:3,1
DA:4,1
LF:2
LH:2
BRF:0
BRH:0
end_of_record
TN:
SF:D:\Users\Willian\Dropbox\Estudos\Udemy - React Ninja\src\redux-flow\reducers\todos\index.js
FN:9,(anonymous_0)
FN:14,(anonymous_1)
FN:14,(anonymous_2)
FNF:3
FNH:3
FNDA:2,(anonymous_0)
FNDA:2,(anonymous_1)
FNDA:4,(anonymous_2)
DA:6,1
DA:8,1
DA:9,2
DA:14,2
DA:15,4
DA:16,2
DA:18,2
LF:7
LH:7
BRDA:15,0,0,2
BRDA:15,0,1,2
BRF:2
BRH:2
end_of_record
TN:
SF:D:\Users\Willian\Dropbox\Estudos\Udemy - React Ninja\src\redux-flow\reducers\visibility-filter\actions.js
FNF:0
FNH:0
DA:3,1
DA:5,1
DA:6,1
DA:7,1
LF:4
LH:4
BRF:0
BRH:0
end_of_record
TN:
SF:D:\Users\Willian\Dropbox\Estudos\Udemy - React Ninja\src\redux-flow\reducers\visibility-filter\index.js
FN:9,(anonymous_0)
FNF:1
FNH:1
FNDA:3,(anonymous_0)
DA:6,1
DA:8,1
DA:10,3
LF:3
LH:3
BRF:0
BRH:0
end_of_record
