TN:
SF:C:\Users\Willian\Dropbox\Estudos\Udemy - React Ninja\src\utils\pagination\index.js
FN:3,(anonymous_0)
FN:9,(anonymous_1)
FN:11,(anonymous_2)
FN:21,(anonymous_3)
FN:28,(anonymous_4)
FN:32,(anonymous_5)
FNF:6
FNH:6
FNDA:42,(anonymous_0)
FNDA:39,(anonymous_1)
FNDA:20,(anonymous_2)
FNDA:9,(anonymous_3)
FNDA:42,(anonymous_4)
FNDA:70,(anonymous_5)
DA:3,1
DA:4,42
DA:9,39
DA:11,1
DA:12,20
DA:13,1
DA:16,19
DA:17,1
DA:20,18
DA:21,9
DA:24,14
DA:26,14
DA:28,42
DA:32,70
DA:34,14
DA:35,14
DA:37,14
DA:38,2
DA:46,14
DA:47,14
DA:49,14
DA:50,6
DA:57,14
DA:58,14
DA:60,14
DA:61,2
DA:69,14
DA:70,14
DA:72,14
DA:73,6
DA:79,14
LF:31
LH:31
BRDA:4,0,0,9
BRDA:4,0,1,33
BRDA:5,1,0,6
BRDA:5,1,1,27
BRDA:11,2,0,1
BRDA:11,3,0,1
BRDA:11,4,0,2
BRDA:12,5,0,1
BRDA:12,5,1,19
BRDA:16,6,0,1
BRDA:16,6,1,18
BRDA:20,7,0,4
BRDA:20,7,1,14
BRDA:37,8,0,2
BRDA:37,8,1,12
BRDA:49,9,0,6
BRDA:49,9,1,8
BRDA:60,10,0,2
BRDA:60,10,1,12
BRDA:72,11,0,6
BRDA:72,11,1,8
BRF:21
BRH:21
end_of_record
